<?xml version="1.0" encoding="UTF-8"?>
<testsuite name="TestSuite" time="51.821" tests="10" errors="0" skipped="3" failures="3">
  <properties>
[...]
</properties>
  <testcase name="LoginTest" classname="com.inetbanking.testCases.LoginTest" time="2.266"/>
  <testcase name="test_Data" classname="com.inetbanking.testCases.LoginTest_DD" time="34.003"/>
  <testcase name="test_Data" classname="com.inetbanking.testCases.LoginTest_DD" time="7.733"/>
  <testcase name="test_Data" classname="com.inetbanking.testCases.LoginTest_DD" time="0">
    <skipped/>
    <system-out><![CDATA[ INFO [main] (LoginTest_DD.java:26)- Launched URL
 INFO [main] (LoginTest_DD.java:28)- Username as been passed
 INFO [main] (LoginTest_DD.java:30)- Password has been set
]]></system-out>
  </testcase>
  <testcase name="test_Data" classname="com.inetbanking.testCases.LoginTest_DD" time="0">
    <skipped/>
    <system-out><![CDATA[[[mngr397301, YvEquhU], [mngr397301, YvEquhU], [mngr397301, YvEquhUs], [mngr397302, YvEquhUs]]
 INFO [main] (LoginTest_DD.java:26)- Launched URL
 INFO [main] (LoginTest_DD.java:28)- Username as been passed
 INFO [main] (LoginTest_DD.java:30)- Password has been set
]]></system-out>
  </testcase>
  <testcase name="test_Data" classname="com.inetbanking.testCases.LoginTest_DD" time="0">
    <skipped/>
    <system-out><![CDATA[[[mngr397301, YvEquhU], [mngr397301, YvEquhU], [mngr397301, YvEquhUs], [mngr397302, YvEquhUs]]
 INFO [main] (LoginTest_DD.java:26)- Launched URL
 INFO [main] (LoginTest_DD.java:28)- Username as been passed
 INFO [main] (LoginTest_DD.java:30)- Password has been set
]]></system-out>
  </testcase>
  <testcase name="test_Data" classname="com.inetbanking.testCases.LoginTest_DD" time="2.208">
    <failure message="unexpected alert open: {Alert text : User or Password is not valid}&#10;  (Session info: chrome=100.0.4896.75): User or Password is not valid&#10;Build info: version: &apos;3.141.59&apos;, revision: &apos;e82be7d358&apos;, time: &apos;2018-11-14T08:17:03&apos;&#10;System info: host: &apos;DESKTOP-0Q422M0&apos;, ip: &apos;192.168.225.174&apos;, os.name: &apos;Windows 11&apos;, os.arch: &apos;amd64&apos;, os.version: &apos;10.0&apos;, java.version: &apos;18&apos;&#10;Driver info: org.openqa.selenium.chrome.ChromeDriver&#10;Capabilities {acceptInsecureCerts: false, browserName: chrome, browserVersion: 100.0.4896.75, chrome: {chromedriverVersion: 100.0.4896.60 (6a5d10861ce8..., userDataDir: C:\Users\Kiran\AppData\Loca...}, goog:chromeOptions: {debuggerAddress: localhost:61074}, javascriptEnabled: true, networkConnectionEnabled: false, pageLoadStrategy: normal, platform: WINDOWS, platformName: WINDOWS, proxy: Proxy(), setWindowRect: true, strictFileInteractability: false, timeouts: {implicit: 0, pageLoad: 300000, script: 30000}, unhandledPromptBehavior: dismiss and notify, webauthn:extension:credBlob: true, webauthn:extension:largeBlob: true, webauthn:virtualAuthenticators: true}&#10;Session ID: fb1136d87003fc02a3d3dff89ee6ba85" type="org.openqa.selenium.UnhandledAlertException">org.openqa.selenium.UnhandledAlertException: unexpected alert open: {Alert text : User or Password is not valid}
  (Session info: chrome=100.0.4896.75): User or Password is not valid
Build info: version: '3.141.59', revision: 'e82be7d358', time: '2018-11-14T08:17:03'
System info: host: 'DESKTOP-0Q422M0', ip: '192.168.225.174', os.name: 'Windows 11', os.arch: 'amd64', os.version: '10.0', java.version: '18'
Driver info: org.openqa.selenium.chrome.ChromeDriver
Capabilities {acceptInsecureCerts: false, browserName: chrome, browserVersion: 100.0.4896.75, chrome: {chromedriverVersion: 100.0.4896.60 (6a5d10861ce8..., userDataDir: C:\Users\Kiran\AppData\Loca...}, goog:chromeOptions: {debuggerAddress: localhost:61074}, javascriptEnabled: true, networkConnectionEnabled: false, pageLoadStrategy: normal, platform: WINDOWS, platformName: WINDOWS, proxy: Proxy(), setWindowRect: true, strictFileInteractability: false, timeouts: {implicit: 0, pageLoad: 300000, script: 30000}, unhandledPromptBehavior: dismiss and notify, webauthn:extension:credBlob: true, webauthn:extension:largeBlob: true, webauthn:virtualAuthenticators: true}
Session ID: fb1136d87003fc02a3d3dff89ee6ba85
	at org.openqa.selenium.remote.http.W3CHttpResponseCodec.decode(W3CHttpResponseCodec.java:120)
	at org.openqa.selenium.remote.http.W3CHttpResponseCodec.decode(W3CHttpResponseCodec.java:49)
	at org.openqa.selenium.remote.HttpCommandExecutor.execute(HttpCommandExecutor.java:158)
	at org.openqa.selenium.remote.service.DriverCommandExecutor.execute(DriverCommandExecutor.java:83)
	at org.openqa.selenium.remote.RemoteWebDriver.execute(RemoteWebDriver.java:552)
	at org.openqa.selenium.remote.RemoteWebDriver.execute(RemoteWebDriver.java:609)
	at org.openqa.selenium.remote.RemoteWebDriver.getTitle(RemoteWebDriver.java:281)
	at com.inetbanking.testCases.LoginTest_DD.test_Data(LoginTest_DD.java:32)
</failure>
    <system-out><![CDATA[[[mngr397301, YvEquhU], [mngr397301, YvEquhU], [mngr397301, YvEquhUs], [mngr397302, YvEquhUs]]
 INFO [main] (LoginTest_DD.java:26)- Launched URL
 INFO [main] (LoginTest_DD.java:28)- Username as been passed
 INFO [main] (LoginTest_DD.java:30)- Password has been set
]]></system-out>
  </testcase>
  <testcase name="test_Data" classname="com.inetbanking.testCases.LoginTest_DD" time="2.29">
    <failure message="unexpected alert open: {Alert text : User or Password is not valid}&#10;  (Session info: chrome=100.0.4896.75): User or Password is not valid&#10;Build info: version: &apos;3.141.59&apos;, revision: &apos;e82be7d358&apos;, time: &apos;2018-11-14T08:17:03&apos;&#10;System info: host: &apos;DESKTOP-0Q422M0&apos;, ip: &apos;192.168.225.174&apos;, os.name: &apos;Windows 11&apos;, os.arch: &apos;amd64&apos;, os.version: &apos;10.0&apos;, java.version: &apos;18&apos;&#10;Driver info: org.openqa.selenium.chrome.ChromeDriver&#10;Capabilities {acceptInsecureCerts: false, browserName: chrome, browserVersion: 100.0.4896.75, chrome: {chromedriverVersion: 100.0.4896.60 (6a5d10861ce8..., userDataDir: C:\Users\Kiran\AppData\Loca...}, goog:chromeOptions: {debuggerAddress: localhost:61074}, javascriptEnabled: true, networkConnectionEnabled: false, pageLoadStrategy: normal, platform: WINDOWS, platformName: WINDOWS, proxy: Proxy(), setWindowRect: true, strictFileInteractability: false, timeouts: {implicit: 0, pageLoad: 300000, script: 30000}, unhandledPromptBehavior: dismiss and notify, webauthn:extension:credBlob: true, webauthn:extension:largeBlob: true, webauthn:virtualAuthenticators: true}&#10;Session ID: fb1136d87003fc02a3d3dff89ee6ba85" type="org.openqa.selenium.UnhandledAlertException">org.openqa.selenium.UnhandledAlertException: unexpected alert open: {Alert text : User or Password is not valid}
  (Session info: chrome=100.0.4896.75): User or Password is not valid
Build info: version: '3.141.59', revision: 'e82be7d358', time: '2018-11-14T08:17:03'
System info: host: 'DESKTOP-0Q422M0', ip: '192.168.225.174', os.name: 'Windows 11', os.arch: 'amd64', os.version: '10.0', java.version: '18'
Driver info: org.openqa.selenium.chrome.ChromeDriver
Capabilities {acceptInsecureCerts: false, browserName: chrome, browserVersion: 100.0.4896.75, chrome: {chromedriverVersion: 100.0.4896.60 (6a5d10861ce8..., userDataDir: C:\Users\Kiran\AppData\Loca...}, goog:chromeOptions: {debuggerAddress: localhost:61074}, javascriptEnabled: true, networkConnectionEnabled: false, pageLoadStrategy: normal, platform: WINDOWS, platformName: WINDOWS, proxy: Proxy(), setWindowRect: true, strictFileInteractability: false, timeouts: {implicit: 0, pageLoad: 300000, script: 30000}, unhandledPromptBehavior: dismiss and notify, webauthn:extension:credBlob: true, webauthn:extension:largeBlob: true, webauthn:virtualAuthenticators: true}
Session ID: fb1136d87003fc02a3d3dff89ee6ba85
	at org.openqa.selenium.remote.http.W3CHttpResponseCodec.decode(W3CHttpResponseCodec.java:120)
	at org.openqa.selenium.remote.http.W3CHttpResponseCodec.decode(W3CHttpResponseCodec.java:49)
	at org.openqa.selenium.remote.HttpCommandExecutor.execute(HttpCommandExecutor.java:158)
	at org.openqa.selenium.remote.service.DriverCommandExecutor.execute(DriverCommandExecutor.java:83)
	at org.openqa.selenium.remote.RemoteWebDriver.execute(RemoteWebDriver.java:552)
	at org.openqa.selenium.remote.RemoteWebDriver.execute(RemoteWebDriver.java:609)
	at org.openqa.selenium.remote.RemoteWebDriver.getTitle(RemoteWebDriver.java:281)
	at com.inetbanking.testCases.LoginTest_DD.test_Data(LoginTest_DD.java:32)
</failure>
    <system-out><![CDATA[ INFO [main] (LoginTest_DD.java:26)- Launched URL
 INFO [main] (LoginTest_DD.java:28)- Username as been passed
 INFO [main] (LoginTest_DD.java:30)- Password has been set
]]></system-out>
  </testcase>
  <testcase name="test_Data" classname="com.inetbanking.testCases.LoginTest_DD" time="2.184">
    <failure message="unexpected alert open: {Alert text : User or Password is not valid}&#10;  (Session info: chrome=100.0.4896.75): User or Password is not valid&#10;Build info: version: &apos;3.141.59&apos;, revision: &apos;e82be7d358&apos;, time: &apos;2018-11-14T08:17:03&apos;&#10;System info: host: &apos;DESKTOP-0Q422M0&apos;, ip: &apos;192.168.225.174&apos;, os.name: &apos;Windows 11&apos;, os.arch: &apos;amd64&apos;, os.version: &apos;10.0&apos;, java.version: &apos;18&apos;&#10;Driver info: org.openqa.selenium.chrome.ChromeDriver&#10;Capabilities {acceptInsecureCerts: false, browserName: chrome, browserVersion: 100.0.4896.75, chrome: {chromedriverVersion: 100.0.4896.60 (6a5d10861ce8..., userDataDir: C:\Users\Kiran\AppData\Loca...}, goog:chromeOptions: {debuggerAddress: localhost:61074}, javascriptEnabled: true, networkConnectionEnabled: false, pageLoadStrategy: normal, platform: WINDOWS, platformName: WINDOWS, proxy: Proxy(), setWindowRect: true, strictFileInteractability: false, timeouts: {implicit: 0, pageLoad: 300000, script: 30000}, unhandledPromptBehavior: dismiss and notify, webauthn:extension:credBlob: true, webauthn:extension:largeBlob: true, webauthn:virtualAuthenticators: true}&#10;Session ID: fb1136d87003fc02a3d3dff89ee6ba85" type="org.openqa.selenium.UnhandledAlertException">org.openqa.selenium.UnhandledAlertException: unexpected alert open: {Alert text : User or Password is not valid}
  (Session info: chrome=100.0.4896.75): User or Password is not valid
Build info: version: '3.141.59', revision: 'e82be7d358', time: '2018-11-14T08:17:03'
System info: host: 'DESKTOP-0Q422M0', ip: '192.168.225.174', os.name: 'Windows 11', os.arch: 'amd64', os.version: '10.0', java.version: '18'
Driver info: org.openqa.selenium.chrome.ChromeDriver
Capabilities {acceptInsecureCerts: false, browserName: chrome, browserVersion: 100.0.4896.75, chrome: {chromedriverVersion: 100.0.4896.60 (6a5d10861ce8..., userDataDir: C:\Users\Kiran\AppData\Loca...}, goog:chromeOptions: {debuggerAddress: localhost:61074}, javascriptEnabled: true, networkConnectionEnabled: false, pageLoadStrategy: normal, platform: WINDOWS, platformName: WINDOWS, proxy: Proxy(), setWindowRect: true, strictFileInteractability: false, timeouts: {implicit: 0, pageLoad: 300000, script: 30000}, unhandledPromptBehavior: dismiss and notify, webauthn:extension:credBlob: true, webauthn:extension:largeBlob: true, webauthn:virtualAuthenticators: true}
Session ID: fb1136d87003fc02a3d3dff89ee6ba85
	at org.openqa.selenium.remote.http.W3CHttpResponseCodec.decode(W3CHttpResponseCodec.java:120)
	at org.openqa.selenium.remote.http.W3CHttpResponseCodec.decode(W3CHttpResponseCodec.java:49)
	at org.openqa.selenium.remote.HttpCommandExecutor.execute(HttpCommandExecutor.java:158)
	at org.openqa.selenium.remote.service.DriverCommandExecutor.execute(DriverCommandExecutor.java:83)
	at org.openqa.selenium.remote.RemoteWebDriver.execute(RemoteWebDriver.java:552)
	at org.openqa.selenium.remote.RemoteWebDriver.execute(RemoteWebDriver.java:609)
	at org.openqa.selenium.remote.RemoteWebDriver.getTitle(RemoteWebDriver.java:281)
	at com.inetbanking.testCases.LoginTest_DD.test_Data(LoginTest_DD.java:32)
</failure>
    <system-out><![CDATA[[[mngr397301, YvEquhU], [mngr397301, YvEquhU], [mngr397301, YvEquhUs], [mngr397302, YvEquhUs]]
 INFO [main] (LoginTest_DD.java:26)- Launched URL
 INFO [main] (LoginTest_DD.java:28)- Username as been passed
 INFO [main] (LoginTest_DD.java:30)- Password has been set
]]></system-out>
  </testcase>
  <testcase name="CustDetails" classname="com.inetbanking.testCases.CustomerPages" time="15.552"/>
</testsuite>